<?xml version="1.0" encoding="UTF-8"?>
<!-- Generated by org.testng.reporters.JUnitReportReporter -->
<testsuite hostname="RamakrishnanJawahar" failures="0" tests="1" name="guvi_project_2.Guvi_Project_2_Base" time="8.644" errors="0" timestamp="2023-01-06T11:30:48 IST" skipped="0">
  <testcase classname="guvi_project_2.Guvi_Project_2_Base" name="browserLaunch" time="8.644"/>
  <system-out/>
</testsuite> <!-- guvi_project_2.Guvi_Project_2_Base -->
