<?xml version="1.0" encoding="UTF-8"?>
<!-- Generated by org.testng.reporters.JUnitReportReporter -->
<testsuite hostname="RamakrishnanJawahar" failures="0" tests="1" name="guvi_project_2.Guvi_Project_2_1" time="24.493" errors="0" timestamp="2023-01-08T15:23:32 IST" skipped="0">
  <testcase classname="guvi_project_2.Guvi_Project_2_1" name="Test2" time="24.493"/>
  <system-out/>
</testsuite> <!-- guvi_project_2.Guvi_Project_2_1 -->
